<?xml version="1.0" encoding="UTF-8"?>
<!-- Generated by org.testng.reporters.JUnitReportReporter -->
<testsuite hostname="L-SFH79FJG5J-M" failures="0" tests="6" name="CreateOpportunities.OppDropDown_TC15_19" time="158.542" errors="0" timestamp="2023-02-08T22:58:14 PST" skipped="0">
  <testcase classname="CreateOpportunities.OppDropDown_TC15_19" name="dropdown" time="15.792"/>
  <system-out/>
  <testcase classname="CreateOpportunities.OppDropDown_TC15_19" name="login" time="16.305"/>
  <system-out/>
  <testcase classname="CreateOpportunities.OppDropDown_TC15_19" name="OppPipelineReport_TC17" time="17.713"/>
  <system-out/>
  <testcase classname="CreateOpportunities.OppDropDown_TC15_19" name="QuarterlySummary_TC19" time="60.161"/>
  <system-out/>
  <testcase classname="CreateOpportunities.OppDropDown_TC15_19" name="StuckReports_TC18" time="18.308"/>
  <system-out/>
  <testcase classname="CreateOpportunities.OppDropDown_TC15_19" name="createNewOpp_TC16" time="30.263"/>
  <system-out/>
</testsuite> <!-- CreateOpportunities.OppDropDown_TC15_19 -->
