<?xml version="1.0" encoding="UTF-8"?>
<!-- Generated by org.testng.reporters.JUnitReportReporter -->
<testsuite hostname="L-SFH79FJG5J-M" failures="0" tests="1" name="Leads_TC20_24.LeadsTab" time="24.717" errors="0" timestamp="2023-02-09T18:30:57 PST" skipped="0">
  <testcase classname="Leads_TC20_24.LeadsTab" name="clickOnNew_TC24" time="24.717"/>
  <system-out/>
</testsuite> <!-- Leads_TC20_24.LeadsTab -->
