<?xml version="1.0" encoding="UTF-8"?>
<!-- Generated by org.testng.reporters.JUnitReportReporter -->
<testsuite hostname="L-SFH79FJG5J-M" failures="0" tests="1" name="Random_TC33_37.RandomTestCases" time="45.617" errors="0" timestamp="2023-02-14T10:01:01 PST" skipped="0">
  <testcase classname="Random_TC33_37.RandomTestCases" name="TC37" time="45.617"/>
  <system-out/>
</testsuite> <!-- Random_TC33_37.RandomTestCases -->
