<?xml version="1.0" encoding="UTF-8"?>
<!-- Generated by org.testng.reporters.JUnitReportReporter -->
<testsuite hostname="L-SFH79FJG5J-M" failures="0" tests="1" name="Contacts_TC25_32.ContactTab" time="31.096" errors="0" timestamp="2023-02-09T22:17:01 PST" skipped="0">
  <testcase classname="Contacts_TC25_32.ContactTab" name="newContact_TC32" time="31.096"/>
  <system-out/>
</testsuite> <!-- Contacts_TC25_32.ContactTab -->
