<?xml version="1.0" encoding="UTF-8"?>
<!-- Generated by org.testng.reporters.JUnitReportReporter -->
<testsuite hostname="L-SFH79FJG5J-M" failures="0" tests="1" name="UserMenuDropDown.DeveloperConsole" time="17.557" errors="0" timestamp="2023-02-08T08:54:53 PST" skipped="0">
  <testcase classname="UserMenuDropDown.DeveloperConsole" name="dConsole" time="17.557"/>
  <system-out/>
</testsuite> <!-- UserMenuDropDown.DeveloperConsole -->
