<?xml version="1.0" encoding="UTF-8"?>
<!-- Generated by org.testng.reporters.JUnitReportReporter -->
<testsuite hostname="L-SFH79FJG5J-M" failures="0" tests="1" name="SFDCLogin.Login" time="29.307" errors="0" timestamp="2023-02-10T08:31:56 PST" skipped="0">
  <testcase classname="SFDCLogin.Login" name="check_Remember_Me" time="29.307"/>
  <system-out/>
</testsuite> <!-- SFDCLogin.Login -->
