<?xml version="1.0" encoding="UTF-8"?>
<!-- Generated by org.testng.reporters.JUnitReportReporter -->
<testsuite hostname="L-SFH79FJG5J-M" failures="0" tests="1" name="CreateOpportunities.OppDropDown_TC15" time="50.374" errors="0" timestamp="2023-02-08T22:34:39 PST" skipped="0">
  <testcase classname="CreateOpportunities.OppDropDown_TC15" name="QuarterlySummary" time="50.374"/>
  <system-out/>
</testsuite> <!-- CreateOpportunities.OppDropDown_TC15 -->
