<?xml version="1.0" encoding="UTF-8"?>
<!-- Generated by org.testng.reporters.JUnitReportReporter -->
<testsuite hostname="L-SFH79FJG5J-M" failures="0" tests="1" name="Assessment" time="2.312" errors="0" timestamp="2023-03-19T10:48:10 PDT" skipped="0">
  <testcase classname="Assessment" name="getData" time="2.312"/>
  <system-out/>
</testsuite> <!-- Assessment -->
