<?xml version="1.0" encoding="UTF-8"?>
<!-- Generated by org.testng.reporters.JUnitReportReporter -->
<testsuite hostname="L-SFH79FJG5J-M" failures="0" tests="5" name="com.tests.SFDCTest" time="66.367" errors="0" timestamp="2023-02-21T22:21:55 PST" skipped="0">
  <testcase classname="com.tests.SFDCTest" name="loginToSalesforce" time="11.151"/>
  <system-out/>
  <testcase classname="com.tests.SFDCTest" name="Error_Login" time="3.689"/>
  <system-out/>
  <testcase classname="com.tests.SFDCTest" name="CheckRememberMe" time="26.694"/>
  <system-out/>
  <testcase classname="com.tests.SFDCTest" name="ForgotPassword" time="9.342"/>
  <system-out/>
  <testcase classname="com.tests.SFDCTest" name="ValidateErrorMessage" time="15.491"/>
  <system-out/>
</testsuite> <!-- com.tests.SFDCTest -->
