<?xml version="1.0" encoding="UTF-8"?>
<!-- Generated by org.testng.reporters.JUnitReportReporter -->
<testsuite hostname="L-SFH79FJG5J-M" failures="0" tests="1" name="UserMenuDropDown_TC5_9.DeveloperConsole" time="14.479" errors="0" timestamp="2023-02-15T20:33:14 PST" skipped="0">
  <testcase classname="UserMenuDropDown_TC5_9.DeveloperConsole" name="dConsole" time="14.479"/>
  <system-out/>
</testsuite> <!-- UserMenuDropDown_TC5_9.DeveloperConsole -->
