<?xml version="1.0" encoding="UTF-8"?>
<!-- Generated by org.testng.reporters.JUnitReportReporter -->
<testsuite hostname="L-SFH79FJG5J-M" failures="0" tests="1" name="UserMenuDropDown_TC5_9.Dropdown" time="29.799" errors="0" timestamp="2023-02-15T20:18:45 PST" skipped="0">
  <testcase classname="UserMenuDropDown_TC5_9.Dropdown" name="uploadingFile" time="29.799"/>
  <system-out/>
</testsuite> <!-- UserMenuDropDown_TC5_9.Dropdown -->
