<?xml version="1.0" encoding="UTF-8"?>
<!-- Generated by org.testng.reporters.JUnitReportReporter -->
<testsuite hostname="L-SFH79FJG5J-M" failures="0" tests="8" name="Contacts_TC25_32.ContactTab" time="181.454" errors="0" timestamp="2023-02-22T18:49:24 PST" skipped="0">
  <testcase classname="Contacts_TC25_32.ContactTab" name="newContact_TC32" time="28.800"/>
  <system-out/>
  <testcase classname="Contacts_TC25_32.ContactTab" name="recentlyCreated_TC27" time="20.725"/>
  <system-out/>
  <testcase classname="Contacts_TC25_32.ContactTab" name="myContacts_TC28" time="18.544"/>
  <system-out/>
  <testcase classname="Contacts_TC25_32.ContactTab" name="recentContacts_TC29" time="26.239"/>
  <system-out/>
  <testcase classname="Contacts_TC25_32.ContactTab" name="createNewView_TC26" time="22.350"/>
  <system-out/>
  <testcase classname="Contacts_TC25_32.ContactTab" name="viewNameError_TC30" time="21.140"/>
  <system-out/>
  <testcase classname="Contacts_TC25_32.ContactTab" name="createNewContact_TC25" time="23.706"/>
  <system-out/>
  <testcase classname="Contacts_TC25_32.ContactTab" name="checkingCancel_TC31" time="19.950"/>
  <system-out/>
</testsuite> <!-- Contacts_TC25_32.ContactTab -->
