<?xml version="1.0" encoding="UTF-8"?>
<!-- Generated by org.testng.reporters.JUnitReportReporter -->
<testsuite hostname="L-SFH79FJG5J-M" failures="0" tests="5" name="CreateOpportunities.OppDropDown_TC15_19" time="160.052" errors="0" timestamp="2023-02-22T18:49:24 PST" skipped="0">
  <testcase classname="CreateOpportunities.OppDropDown_TC15_19" name="quarterlySummary_TC19" time="73.962"/>
  <system-out/>
  <testcase classname="CreateOpportunities.OppDropDown_TC15_19" name="oppPipelineReport_TC17" time="17.541"/>
  <system-out/>
  <testcase classname="CreateOpportunities.OppDropDown_TC15_19" name="createNewOpp_TC16" time="45.006"/>
  <system-out/>
  <testcase classname="CreateOpportunities.OppDropDown_TC15_19" name="dropdown_15" time="10.712"/>
  <system-out/>
  <testcase classname="CreateOpportunities.OppDropDown_TC15_19" name="stuckReports_TC18" time="12.831"/>
  <system-out/>
</testsuite> <!-- CreateOpportunities.OppDropDown_TC15_19 -->
