<?xml version="1.0" encoding="UTF-8"?>
<!-- Generated by org.testng.reporters.JUnitReportReporter -->
<testsuite hostname="L-SFH79FJG5J-M" failures="0" tests="4" name="UserMenuDropDown_TC5_9.MySettings_TC7" time="71.400" errors="0" timestamp="2023-02-22T18:49:24 PST" skipped="0">
  <testcase classname="UserMenuDropDown_TC5_9.MySettings_TC7" name="display" time="19.093"/>
  <system-out/>
  <testcase classname="UserMenuDropDown_TC5_9.MySettings_TC7" name="publiclink" time="13.884"/>
  <system-out/>
  <testcase classname="UserMenuDropDown_TC5_9.MySettings_TC7" name="reminder" time="17.373"/>
  <system-out/>
  <testcase classname="UserMenuDropDown_TC5_9.MySettings_TC7" name="emailUpdate" time="21.050"/>
  <system-out/>
</testsuite> <!-- UserMenuDropDown_TC5_9.MySettings_TC7 -->
