<?xml version="1.0" encoding="UTF-8"?>
<!-- Generated by org.testng.reporters.JUnitReportReporter -->
<testsuite hostname="L-SFH79FJG5J-M" failures="0" tests="1" name="UserMenuDropDown_TC5_9.Logout_TC9" time="15.577" errors="0" timestamp="2023-02-22T18:49:24 PST" skipped="0">
  <testcase classname="UserMenuDropDown_TC5_9.Logout_TC9" name="logOutSF_TC9" time="15.577"/>
  <system-out/>
</testsuite> <!-- UserMenuDropDown_TC5_9.Logout_TC9 -->
