<?xml version="1.0" encoding="UTF-8"?>
<!-- Generated by org.testng.reporters.JUnitReportReporter -->
<testsuite hostname="L-SFH79FJG5J-M" failures="0" tests="1" name="Reusable.ReusableMed" time="4.473" errors="0" timestamp="2023-02-06T21:46:39 PST" skipped="0">
  <testcase classname="Reusable.ReusableMed" name="login" time="4.473"/>
  <system-out/>
</testsuite> <!-- Reusable.ReusableMed -->
