<?xml version="1.0" encoding="UTF-8"?>
<!-- Generated by org.testng.reporters.JUnitReportReporter -->
<testsuite hostname="L-SFH79FJG5J-M" failures="0" tests="5" name="SFDCLogin_TC1_4.Login" time="39.006" errors="0" timestamp="2023-02-22T19:04:12 PST" skipped="0">
  <testcase classname="SFDCLogin_TC1_4.Login" name="loginSF_TC_2" time="12.775"/>
  <system-out/>
  <testcase classname="SFDCLogin_TC1_4.Login" name="error_LoginTC_1" time="3.355"/>
  <system-out/>
  <testcase classname="SFDCLogin_TC1_4.Login" name="forgot_Password_TC_4A" time="3.616"/>
  <system-out/>
  <testcase classname="SFDCLogin_TC1_4.Login" name="checkRememberMe_TC_3" time="15.623"/>
  <system-out/>
  <testcase classname="SFDCLogin_TC1_4.Login" name="login_error_msg_TC_4B" time="3.637"/>
  <system-out/>
</testsuite> <!-- SFDCLogin_TC1_4.Login -->
